<?xml version="1.0" encoding="UTF-8"?>
<!-- Generated by org.testng.reporters.JUnitXMLReporter -->
<testsuite hostname="DESKTOP-RJH5I0V" ignored="0" name="Default test" tests="3" failures="0" timestamp="08 Feb 2018 18:04:27 GMT" time="0.044" errors="0">
  <testcase name="testCase01" time="0.004" classname="selenium.Test2"/>
  <testcase name="testCase02" time="0.002" classname="selenium.Test2"/>
  <testcase name="testCase03" time="0.003" classname="selenium.Test2"/>
</testsuite> <!-- Default test -->
