<?xml version="1.0" encoding="UTF-8"?>
<testng-results skipped="0" failed="0" ignored="0" total="3" passed="3">
  <reporter-output>
  </reporter-output>
  <suite name="Default suite" duration-ms="44" started-at="2018-02-08T18:04:27Z" finished-at="2018-02-08T18:04:27Z">
    <groups>
    </groups>
    <test name="Default test" duration-ms="44" started-at="2018-02-08T18:04:27Z" finished-at="2018-02-08T18:04:27Z">
      <class name="selenium.Test2">
        <test-method status="PASS" signature="openDBConnection()[pri:0, instance:selenium.Test2@33f88ab]" name="openDBConnection" is-config="true" duration-ms="8" started-at="2018-02-08T13:04:27Z" finished-at="2018-02-08T13:04:27Z">
          <reporter-output>
          </reporter-output>
        </test-method> <!-- openDBConnection -->
        <test-method status="PASS" signature="openBrowser()[pri:0, instance:selenium.Test2@33f88ab]" name="openBrowser" is-config="true" duration-ms="1" started-at="2018-02-08T13:04:27Z" finished-at="2018-02-08T13:04:27Z">
          <reporter-output>
          </reporter-output>
        </test-method> <!-- openBrowser -->
        <test-method status="PASS" signature="testCase01()[pri:0, instance:selenium.Test2@33f88ab]" name="testCase01" duration-ms="4" started-at="2018-02-08T13:04:27Z" finished-at="2018-02-08T13:04:27Z">
          <reporter-output>
          </reporter-output>
        </test-method> <!-- testCase01 -->
        <test-method status="PASS" signature="CloseBrowser()[pri:0, instance:selenium.Test2@33f88ab]" name="CloseBrowser" is-config="true" duration-ms="1" started-at="2018-02-08T13:04:27Z" finished-at="2018-02-08T13:04:27Z">
          <reporter-output>
          </reporter-output>
        </test-method> <!-- CloseBrowser -->
        <test-method status="PASS" signature="openBrowser()[pri:0, instance:selenium.Test2@33f88ab]" name="openBrowser" is-config="true" duration-ms="1" started-at="2018-02-08T13:04:27Z" finished-at="2018-02-08T13:04:27Z">
          <reporter-output>
          </reporter-output>
        </test-method> <!-- openBrowser -->
        <test-method status="PASS" signature="testCase02()[pri:0, instance:selenium.Test2@33f88ab]" name="testCase02" duration-ms="2" started-at="2018-02-08T13:04:27Z" finished-at="2018-02-08T13:04:27Z">
          <reporter-output>
          </reporter-output>
        </test-method> <!-- testCase02 -->
        <test-method status="PASS" signature="CloseBrowser()[pri:0, instance:selenium.Test2@33f88ab]" name="CloseBrowser" is-config="true" duration-ms="0" started-at="2018-02-08T13:04:27Z" finished-at="2018-02-08T13:04:27Z">
          <reporter-output>
          </reporter-output>
        </test-method> <!-- CloseBrowser -->
        <test-method status="PASS" signature="openBrowser()[pri:0, instance:selenium.Test2@33f88ab]" name="openBrowser" is-config="true" duration-ms="1" started-at="2018-02-08T13:04:27Z" finished-at="2018-02-08T13:04:27Z">
          <reporter-output>
          </reporter-output>
        </test-method> <!-- openBrowser -->
        <test-method status="PASS" signature="testCase03()[pri:0, instance:selenium.Test2@33f88ab]" name="testCase03" duration-ms="3" started-at="2018-02-08T13:04:27Z" finished-at="2018-02-08T13:04:27Z">
          <reporter-output>
          </reporter-output>
        </test-method> <!-- testCase03 -->
        <test-method status="PASS" signature="CloseBrowser()[pri:0, instance:selenium.Test2@33f88ab]" name="CloseBrowser" is-config="true" duration-ms="0" started-at="2018-02-08T13:04:27Z" finished-at="2018-02-08T13:04:27Z">
          <reporter-output>
          </reporter-output>
        </test-method> <!-- CloseBrowser -->
        <test-method status="PASS" signature="CloseDBConnection()[pri:0, instance:selenium.Test2@33f88ab]" name="CloseDBConnection" is-config="true" duration-ms="1" started-at="2018-02-08T13:04:27Z" finished-at="2018-02-08T13:04:27Z">
          <reporter-output>
          </reporter-output>
        </test-method> <!-- CloseDBConnection -->
      </class> <!-- selenium.Test2 -->
    </test> <!-- Default test -->
  </suite> <!-- Default suite -->
</testng-results>
